Running: fuse.exe -relaunch -intstyle "ise" -incremental -lib "unisims_ver" -lib "unimacro_ver" -lib "xilinxcorelib_ver" -lib "secureip" -o "D:/easy_kevin_lab2/TestBench_isim_beh.exe" -prj "D:/easy_kevin_lab2/TestBench_beh.prj" "work.TestBench" "work.glbl" 
ISim P.20131013 (signature 0x7708f090)
Number of CPUs detected in this system: 4
Turning on mult-threading, number of parallel sub-compilation jobs: 8 
Determining compilation order of HDL files
Analyzing Verilog file "D:/easy_kevin_lab2/Sign_Extend.v" into library work
Analyzing Verilog file "D:/easy_kevin_lab2/Shift_Left_Two_32.v" into library work
Analyzing Verilog file "D:/easy_kevin_lab2/Reg_File.v" into library work
Analyzing Verilog file "D:/easy_kevin_lab2/ProgramCounter.v" into library work
Analyzing Verilog file "D:/easy_kevin_lab2/MUX_2to1.v" into library work
Analyzing Verilog file "D:/easy_kevin_lab2/Instr_Memory.v" into library work
Analyzing Verilog file "D:/easy_kevin_lab2/Decoder.v" into library work
Analyzing Verilog file "D:/easy_kevin_lab2/ALU_Ctrl.v" into library work
Analyzing Verilog file "D:/easy_kevin_lab2/ALU.v" into library work
Analyzing Verilog file "D:/easy_kevin_lab2/Adder.v" into library work
Analyzing Verilog file "D:/easy_kevin_lab2/Simple_Single_CPU.v" into library work
Analyzing Verilog file "D:/easy_kevin_lab2/Test_Bench.v" into library work
Analyzing Verilog file "D:/Xilinx/14.7/ISE_DS/ISE//verilog/src/glbl.v" into library work
Starting static elaboration
Completed static elaboration
Compiling module ProgramCounter
Compiling module Adder
Compiling module Instr_Memory
Compiling module MUX_2to1(size=5)
Compiling module Reg_File
Compiling module Decoder
Compiling module ALU_Ctrl
Compiling module Sign_Extend
Compiling module MUX_2to1(size=32)
Compiling module ALU
Compiling module Shift_Left_Two_32
Compiling module Simple_Single_CPU
Compiling module TestBench
Compiling module glbl
Time Resolution for simulation is 1ps.
Waiting for 5 sub-compilation(s) to finish...
Compiled 14 Verilog Units
Built simulation executable D:/easy_kevin_lab2/TestBench_isim_beh.exe
Fuse Memory Usage: 28356 KB
Fuse CPU Usage: 812 ms
